<?xml version="1.0" encoding="UTF-8"?>
<testng-results ignored="0" total="1" passed="1" failed="0" skipped="0">
  <reporter-output>
  </reporter-output>
  <suite started-at="2025-03-31T10:34:14 IST" name="Default suite" finished-at="2025-03-31T10:34:32 IST" duration-ms="17721">
    <groups>
      <group name="cucumber">
        <method signature="AbstractTestNGCucumberTests.runScenario(io.cucumber.testng.PickleWrapper,io.cucumber.testng.FeatureWrapper)[pri:0, instance:cucumberOption.TestRunner@4f83df68]" name="runScenario" class="io.cucumber.testng.AbstractTestNGCucumberTests"/>
      </group> <!-- cucumber -->
    </groups>
    <test started-at="2025-03-31T10:34:14 IST" name="Default test" finished-at="2025-03-31T10:34:32 IST" duration-ms="17721">
      <class name="cucumberOption.TestRunner">
        <test-method is-config="true" signature="setUpClass(org.testng.ITestContext)[pri:0, instance:cucumberOption.TestRunner@4f83df68]" started-at="2025-03-31T10:34:14 IST" name="setUpClass" finished-at="2025-03-31T10:34:14 IST" duration-ms="86" status="PASS">
          <params>
            <param index="0">
              <value>
                <![CDATA[org.testng.TestRunner@5eccd3b9]]>
              </value>
            </param>
          </params>
          <reporter-output>
          </reporter-output>
        </test-method> <!-- setUpClass -->
        <test-method signature="runScenario(io.cucumber.testng.PickleWrapper,io.cucumber.testng.FeatureWrapper)[pri:0, instance:cucumberOption.TestRunner@4f83df68]" started-at="2025-03-31T10:34:14 IST" name="runScenario" description="Runs Cucumber Scenarios" data-provider="scenarios" finished-at="2025-03-31T10:34:32 IST" duration-ms="17617" status="PASS">
          <params>
            <param index="0">
              <value>
                <![CDATA["Sign up as new user"]]>
              </value>
            </param>
            <param index="1">
              <value>
                <![CDATA["Register the User"]]>
              </value>
            </param>
          </params>
          <reporter-output>
          </reporter-output>
        </test-method> <!-- runScenario -->
        <test-method is-config="true" signature="tearDownClass()[pri:0, instance:cucumberOption.TestRunner@4f83df68]" started-at="2025-03-31T10:34:32 IST" name="tearDownClass" finished-at="2025-03-31T10:34:32 IST" duration-ms="1" status="PASS">
          <reporter-output>
          </reporter-output>
        </test-method> <!-- tearDownClass -->
      </class> <!-- cucumberOption.TestRunner -->
    </test> <!-- Default test -->
  </suite> <!-- Default suite -->
</testng-results>
